"E:/UE4 Projects/QuestsExample/Content/ExampleContent/Blueprints/UI/W_RewardWidget.uasset" 0
"E:/UE4 Projects/QuestsExample/Content/ExampleContent/Blueprints/UI/W_RewardWidget.uexp" 1
"E:/UE4 Projects/QuestsExample/Content/ExampleContent/Quests/Nodes/QN_DisplayRewardWidget.uasset" 2
"E:/UE4 Projects/QuestsExample/Content/ExampleContent/Quests/Nodes/QN_DisplayRewardWidget.uexp" 3
"E:/UE4 Projects/QuestsExample/Content/ExampleContent/Misc/T_Omniman.uasset" 4
"E:/UE4 Projects/QuestsExample/Content/ExampleContent/Misc/T_Omniman.uexp" 5
"E:/UE4 Projects/QuestsExample/Content/ExampleContent/Misc/T_Cat.uasset" 6
"E:/UE4 Projects/QuestsExample/Content/ExampleContent/Misc/T_Cat.uexp" 7
"E:/UE4 Projects/QuestsExample/Content/ExampleContent/Misc/T_Cake.uasset" 8
"E:/UE4 Projects/QuestsExample/Content/ExampleContent/Misc/T_Cake.uexp" 9
"E:/UE4 Projects/QuestsExample/Content/ExampleContent/Quests/Q_Reward.uasset" 10
"E:/UE4 Projects/QuestsExample/Content/ExampleContent/Quests/Q_Reward.uexp" 11
"E:/UE4 Projects/QuestsExample/Content/FPWeapon/Materials/MaterialLayers/T_ML_FineRubber.uasset" 12
"E:/UE4 Projects/QuestsExample/Content/FPWeapon/Materials/MaterialLayers/T_ML_FineRubber.uexp" 13
"E:/UE4 Projects/QuestsExample/Content/FPWeapon/Materials/MaterialLayers/T_ML_FineRubber.ubulk" 14
"E:/UE4 Projects/QuestsExample/Content/Geometry/Meshes/CubeMaterial.uasset" 15
"E:/UE4 Projects/QuestsExample/Content/Geometry/Meshes/CubeMaterial.uexp" 16
"E:/UE4 Projects/QuestsExample/Content/Geometry/Meshes/1M_Cube_Chamfer.uasset" 17
"E:/UE4 Projects/QuestsExample/Content/Geometry/Meshes/1M_Cube_Chamfer.uexp" 18
"E:/UE4 Projects/QuestsExample/Content/Geometry/Meshes/TemplateFloor.uasset" 19
"E:/UE4 Projects/QuestsExample/Content/Geometry/Meshes/TemplateFloor.uexp" 20
"../../../Engine/Content/Animation/DefaultAnimBoneCompressionSettings.uasset" 21
"../../../Engine/Content/Animation/DefaultAnimBoneCompressionSettings.uexp" 22
"../../../Engine/Content/Animation/DefaultAnimCurveCompressionSettings.uasset" 23
"../../../Engine/Content/Animation/DefaultAnimCurveCompressionSettings.uexp" 24
"../../../Engine/Content/EngineMaterials/T_Default_Material_Grid_N.uasset" 25
"../../../Engine/Content/EngineMaterials/T_Default_Material_Grid_N.uexp" 26
"../../../Engine/Content/EngineMaterials/T_Default_Material_Grid_N.ubulk" 27
"../../../Engine/Content/EngineMaterials/T_Default_Material_Grid_M.uasset" 28
"../../../Engine/Content/EngineMaterials/T_Default_Material_Grid_M.uexp" 29
"../../../Engine/Content/EngineMaterials/T_Default_Material_Grid_M.ubulk" 30
"../../../Engine/Content/Functions/Engine_MaterialFunctions01/Opacity/CameraDepthFade.uasset" 31
"../../../Engine/Content/Functions/Engine_MaterialFunctions01/Opacity/CameraDepthFade.uexp" 32
"../../../Engine/Content/EngineMaterials/WorldGridMaterial.uasset" 33
"../../../Engine/Content/EngineMaterials/WorldGridMaterial.uexp" 34
"../../../Engine/Content/ArtTools/RenderToTexture/Meshes/S_1_Unit_Plane.uasset" 35
"../../../Engine/Content/ArtTools/RenderToTexture/Meshes/S_1_Unit_Plane.uexp" 36
"../../../Engine/Content/EngineMaterials/DefaultMaterial.uasset" 37
"../../../Engine/Content/EngineMaterials/DefaultMaterial.uexp" 38
"../../../Engine/Content/BasicShapes/Cone.uasset" 39
"../../../Engine/Content/BasicShapes/Cone.uexp" 40
"../../../Engine/Content/BasicShapes/Plane.uasset" 41
"../../../Engine/Content/BasicShapes/Plane.uexp" 42
"../../../Engine/Content/EditorLandscapeResources/DataLayer.uasset" 43
"../../../Engine/Content/EditorLandscapeResources/DataLayer.uexp" 44
"../../../Engine/Content/EditorLandscapeResources/DefaultAlphaTexture.uasset" 45
"../../../Engine/Content/EditorLandscapeResources/DefaultAlphaTexture.uexp" 46
"../../../Engine/Content/EditorMaterials/MAT_Groups_Toggle.uasset" 47
"../../../Engine/Content/EditorMaterials/MAT_Groups_Toggle.uexp" 48
"../../../Engine/Content/EditorMaterials/MAT_Groups_Visibility.uasset" 49
"../../../Engine/Content/EditorMaterials/MAT_Groups_Visibility.uexp" 50
"../../../Engine/Content/EditorMaterials/PreviewShadowIndicator.uasset" 51
"../../../Engine/Content/EditorMaterials/PreviewShadowIndicator.uexp" 52
"../../../Engine/Content/EditorMaterials/PreviewShadowIndicator.ubulk" 53
"../../../Engine/Content/EditorMaterials/PreviewShadowIndicatorMaterial.uasset" 54
"../../../Engine/Content/EditorMaterials/PreviewShadowIndicatorMaterial.uexp" 55
"../../../Engine/Content/EditorMaterials/MatineeGroups/MAT_ColorTrack.uasset" 56
"../../../Engine/Content/EditorMaterials/MatineeGroups/MAT_ColorTrack.uexp" 57
"../../../Engine/Content/EditorMaterials/MatineeGroups/MAT_Groups_Anim.uasset" 58
"../../../Engine/Content/EditorMaterials/MatineeGroups/MAT_Groups_Anim.uexp" 59
"../../../Engine/Content/EditorMaterials/MatineeGroups/MAT_Groups_AudioMaster.uasset" 60
"../../../Engine/Content/EditorMaterials/MatineeGroups/MAT_Groups_AudioMaster.uexp" 61
"../../../Engine/Content/EditorMaterials/MatineeGroups/MAT_Groups_Director.uasset" 62
"../../../Engine/Content/EditorMaterials/MatineeGroups/MAT_Groups_Director.uexp" 63
"../../../Engine/Content/EditorMaterials/MatineeGroups/MAT_Groups_Event.uasset" 64
"../../../Engine/Content/EditorMaterials/MatineeGroups/MAT_Groups_Event.uexp" 65
"../../../Engine/Content/EditorMaterials/MatineeGroups/MAT_Groups_Fade.uasset" 66
"../../../Engine/Content/EditorMaterials/MatineeGroups/MAT_Groups_Fade.uexp" 67
"../../../Engine/Content/EditorMaterials/MatineeGroups/MAT_Groups_Float.uasset" 68
"../../../Engine/Content/EditorMaterials/MatineeGroups/MAT_Groups_Float.uexp" 69
"../../../Engine/Content/EditorMaterials/MatineeGroups/MAT_Groups_Move.uasset" 70
"../../../Engine/Content/EditorMaterials/MatineeGroups/MAT_Groups_Move.uexp" 71
"../../../Engine/Content/EditorMaterials/MatineeGroups/MAT_Groups_Slomo.uasset" 72
"../../../Engine/Content/EditorMaterials/MatineeGroups/MAT_Groups_Slomo.uexp" 73
"../../../Engine/Content/EditorMaterials/MatineeGroups/MAT_Groups_Sound.uasset" 74
"../../../Engine/Content/EditorMaterials/MatineeGroups/MAT_Groups_Sound.uexp" 75
"../../../Engine/Content/EditorMaterials/MatineeGroups/MAT_Groups_Vector.uasset" 76
"../../../Engine/Content/EditorMaterials/MatineeGroups/MAT_Groups_Vector.uexp" 77
"../../../Engine/Content/EditorMaterials/ParticleSystems/PSysThumbnail_NoImage.uasset" 78
"../../../Engine/Content/EditorMaterials/ParticleSystems/PSysThumbnail_NoImage.uexp" 79
"../../../Engine/Content/EditorMaterials/ParticleSystems/PSysThumbnail_NoImage.ubulk" 80
"../../../Engine/Content/EditorMaterials/ParticleSystems/PSysThumbnail_OOD.uasset" 81
"../../../Engine/Content/EditorMaterials/ParticleSystems/PSysThumbnail_OOD.uexp" 82
"../../../Engine/Content/EditorMaterials/ParticleSystems/PSysThumbnail_OOD.ubulk" 83
"../../../Engine/Content/EditorMaterials/Camera/CineMat.uasset" 84
"../../../Engine/Content/EditorMaterials/Camera/CineMat.uexp" 85
"../../../Engine/Content/EditorMaterials/Camera/MI_CineMat_Rig.uasset" 86
"../../../Engine/Content/EditorMaterials/Camera/MI_CineMat_Rig.uexp" 87
"../../../Engine/Content/EditorMeshes/Camera/SM_CraneRig_Arm.uasset" 88
"../../../Engine/Content/EditorMeshes/Camera/SM_CraneRig_Arm.uexp" 89
"../../../Engine/Content/EditorMeshes/Camera/SM_CraneRig_Base.uasset" 90
"../../../Engine/Content/EditorMeshes/Camera/SM_CraneRig_Base.uexp" 91
"../../../Engine/Content/EditorMeshes/Camera/SM_CraneRig_Body.uasset" 92
"../../../Engine/Content/EditorMeshes/Camera/SM_CraneRig_Body.uexp" 93
"../../../Engine/Content/EditorMeshes/Camera/SM_CraneRig_Mount.uasset" 94
"../../../Engine/Content/EditorMeshes/Camera/SM_CraneRig_Mount.uexp" 95
"../../../Engine/Content/EditorMeshes/Camera/SM_RailRig_Mount.uasset" 96
"../../../Engine/Content/EditorMeshes/Camera/SM_RailRig_Mount.uexp" 97
"../../../Engine/Content/EditorMeshes/Camera/SM_RailRig_Track.uasset" 98
"../../../Engine/Content/EditorMeshes/Camera/SM_RailRig_Track.uexp" 99
"../../../Engine/Content/EditorResources/BSPVertex.uasset" 100
"../../../Engine/Content/EditorResources/BSPVertex.uexp" 101
"../../../Engine/Content/EditorResources/EmptyActor.uasset" 102
"../../../Engine/Content/EditorResources/EmptyActor.uexp" 103
"../../../Engine/Content/EditorResources/S_Actor.uasset" 104
"../../../Engine/Content/EditorResources/S_Actor.uexp" 105
"../../../Engine/Content/EditorResources/S_Actor.ubulk" 106
"../../../Engine/Content/EditorResources/S_Note.uasset" 107
"../../../Engine/Content/EditorResources/S_Note.uexp" 108
"../../../Engine/Content/EditorResources/S_Note.ubulk" 109
"../../../Engine/Content/EditorResources/S_Solver.uasset" 110
"../../../Engine/Content/EditorResources/S_Solver.uexp" 111
"../../../Engine/Content/EditorResources/S_Solver.ubulk" 112
"../../../Engine/Content/EditorResources/S_Terrain.uasset" 113
"../../../Engine/Content/EditorResources/S_Terrain.uexp" 114
"../../../Engine/Content/EditorResources/S_Terrain.ubulk" 115
"../../../Engine/Content/EditorResources/S_Trigger.uasset" 116
"../../../Engine/Content/EditorResources/S_Trigger.uexp" 117
"../../../Engine/Content/EditorResources/S_Trigger.ubulk" 118
"../../../Engine/Content/EditorResources/LightIcons/S_LightError.uasset" 119
"../../../Engine/Content/EditorResources/LightIcons/S_LightError.uexp" 120
"../../../Engine/Content/EditorResources/SequenceRecorder/Countdown.uasset" 121
"../../../Engine/Content/EditorResources/SequenceRecorder/Countdown.uexp" 122
"../../../Engine/Content/EditorResources/SequenceRecorder/RecordingIndicator.uasset" 123
"../../../Engine/Content/EditorResources/SequenceRecorder/RecordingIndicator.uexp" 124
"../../../Engine/Content/EngineDamageTypes/DmgTypeBP_Environmental.uasset" 125
"../../../Engine/Content/EngineDamageTypes/DmgTypeBP_Environmental.uexp" 126
"../../../Engine/Content/EngineDebugMaterials/DebugEditorMaterial.uasset" 127
"../../../Engine/Content/EngineDebugMaterials/DebugEditorMaterial.uexp" 128
"../../../Engine/Content/EngineDebugMaterials/DebugMeshMaterial.uasset" 129
"../../../Engine/Content/EngineDebugMaterials/DebugMeshMaterial.uexp" 130
"../../../Engine/Content/EngineDebugMaterials/M_SimpleUnlitTranslucent.uasset" 131
"../../../Engine/Content/EngineDebugMaterials/M_SimpleUnlitTranslucent.uexp" 132
"../../../Engine/Content/EngineDebugMaterials/VolumeToRender.uasset" 133
"../../../Engine/Content/EngineDebugMaterials/VolumeToRender.uexp" 134
"../../../Engine/Content/Functions/Engine_MaterialFunctions02/Utility/CameraDirectionVector.uasset" 135
"../../../Engine/Content/Functions/Engine_MaterialFunctions02/Utility/CameraDirectionVector.uexp" 136
"../../../Engine/Content/EngineDebugMaterials/M_VolumeRenderSphereTracePP.uasset" 137
"../../../Engine/Content/EngineDebugMaterials/M_VolumeRenderSphereTracePP.uexp" 138
"../../../Engine/Content/Functions/Engine_MaterialFunctions01/Shading/ConvertFromDiffSpec.uasset" 139
"../../../Engine/Content/Functions/Engine_MaterialFunctions01/Shading/ConvertFromDiffSpec.uexp" 140
"../../../Engine/Content/EngineDebugMaterials/VertexColorMaterial.uasset" 141
"../../../Engine/Content/EngineDebugMaterials/VertexColorMaterial.uexp" 142
"../../../Engine/Content/EngineDebugMaterials/WireframeMaterial.uasset" 143
"../../../Engine/Content/EngineDebugMaterials/WireframeMaterial.uexp" 144
"../../../Engine/Content/EngineFonts/Faces/RobotoRegular.uasset" 145
"../../../Engine/Content/EngineFonts/Faces/RobotoRegular.uexp" 146
"../../../Engine/Content/EngineFonts/Faces/RobotoRegular.ufont" 147
"../../../Engine/Content/EngineFonts/Faces/RobotoLight.uasset" 148
"../../../Engine/Content/EngineFonts/Faces/RobotoLight.uexp" 149
"../../../Engine/Content/EngineFonts/Faces/RobotoLight.ufont" 150
"../../../Engine/Content/EngineFonts/Faces/RobotoItalic.uasset" 151
"../../../Engine/Content/EngineFonts/Faces/RobotoItalic.uexp" 152
"../../../Engine/Content/EngineFonts/Faces/RobotoItalic.ufont" 153
"../../../Engine/Content/EngineFonts/Faces/RobotoBoldItalic.uasset" 154
"../../../Engine/Content/EngineFonts/Faces/RobotoBoldItalic.uexp" 155
"../../../Engine/Content/EngineFonts/Faces/RobotoBoldItalic.ufont" 156
"../../../Engine/Content/EngineFonts/Faces/RobotoBold.uasset" 157
"../../../Engine/Content/EngineFonts/Faces/RobotoBold.uexp" 158
"../../../Engine/Content/EngineFonts/Faces/RobotoBold.ufont" 159
"../../../Engine/Content/EngineFonts/Faces/DroidSansFallback.uasset" 160
"../../../Engine/Content/EngineFonts/Faces/DroidSansFallback.uexp" 161
"../../../Engine/Content/EngineFonts/Faces/DroidSansFallback.ufont" 162
"../../../Engine/Content/EngineFonts/Roboto.uasset" 163
"../../../Engine/Content/EngineFonts/Roboto.uexp" 164
"../../../Engine/Content/EngineMaterials/BaseFlattenNormalMap.uasset" 165
"../../../Engine/Content/EngineMaterials/BaseFlattenNormalMap.uexp" 166
"../../../Engine/Content/EngineMaterials/BaseFlattenGrayscaleMap.uasset" 167
"../../../Engine/Content/EngineMaterials/BaseFlattenGrayscaleMap.uexp" 168
"../../../Engine/Content/EngineMaterials/BaseFlattenEmissiveMap.uasset" 169
"../../../Engine/Content/EngineMaterials/BaseFlattenEmissiveMap.uexp" 170
"../../../Engine/Content/EngineMaterials/BaseFlattenDiffuseMap.uasset" 171
"../../../Engine/Content/EngineMaterials/BaseFlattenDiffuseMap.uexp" 172
"../../../Engine/Content/EngineMaterials/BaseFlattenMaterial.uasset" 173
"../../../Engine/Content/EngineMaterials/BaseFlattenMaterial.uexp" 174
"../../../Engine/Content/EngineMaterials/BlueNoise.uasset" 175
"../../../Engine/Content/EngineMaterials/BlueNoise.uexp" 176
"../../../Engine/Content/EngineMaterials/DefaultBloomKernel.uasset" 177
"../../../Engine/Content/EngineMaterials/DefaultBloomKernel.uexp" 178
"../../../Engine/Content/EngineMaterials/DefaultBokeh.uasset" 179
"../../../Engine/Content/EngineMaterials/DefaultBokeh.uexp" 180
"../../../Engine/Content/EngineMaterials/DefaultDiffuse.uasset" 181
"../../../Engine/Content/EngineMaterials/DefaultDiffuse.uexp" 182
"../../../Engine/Content/EngineMaterials/DefaultDiffuse.ubulk" 183
"../../../Engine/Content/EngineMaterials/DefaultDeferredDecalMaterial.uasset" 184
"../../../Engine/Content/EngineMaterials/DefaultDeferredDecalMaterial.uexp" 185
"../../../Engine/Content/EngineMaterials/DefaultLightFunctionMaterial.uasset" 186
"../../../Engine/Content/EngineMaterials/DefaultLightFunctionMaterial.uexp" 187
"../../../Engine/Content/EngineMaterials/DefaultPhysicalMaterial.uasset" 188
"../../../Engine/Content/EngineMaterials/DefaultPhysicalMaterial.uexp" 189
"../../../Engine/Content/Functions/Engine_MaterialFunctions02/Utility/BreakOutFloat2Components.uasset" 190
"../../../Engine/Content/Functions/Engine_MaterialFunctions02/Utility/BreakOutFloat2Components.uexp" 191
"../../../Engine/Content/EngineMaterials/DefaultPostProcessMaterial.uasset" 192
"../../../Engine/Content/EngineMaterials/DefaultPostProcessMaterial.uexp" 193
"../../../Engine/Content/EngineFonts/RobotoDistanceField.uasset" 194
"../../../Engine/Content/EngineFonts/RobotoDistanceField.uexp" 195
"../../../Engine/Content/EngineMaterials/DefaultTextMaterialOpaque.uasset" 196
"../../../Engine/Content/EngineMaterials/DefaultTextMaterialOpaque.uexp" 197
"../../../Engine/Content/EngineMaterials/DefaultWhiteGrid.uasset" 198
"../../../Engine/Content/EngineMaterials/DefaultWhiteGrid.uexp" 199
"../../../Engine/Content/EngineMaterials/DefaultWhiteGrid.ubulk" 200
"../../../Engine/Content/EngineMaterials/DefaultWhiteGrid_Low.uasset" 201
"../../../Engine/Content/EngineMaterials/DefaultWhiteGrid_Low.uexp" 202
"../../../Engine/Content/EngineMaterials/EmissiveMeshMaterial.uasset" 203
"../../../Engine/Content/EngineMaterials/EmissiveMeshMaterial.uexp" 204
"../../../Engine/Content/EngineMaterials/GizmoMaterial.uasset" 205
"../../../Engine/Content/EngineMaterials/GizmoMaterial.uexp" 206
"../../../Engine/Content/EngineMaterials/Good64x64TilingNoiseHighFreq.uasset" 207
"../../../Engine/Content/EngineMaterials/Good64x64TilingNoiseHighFreq.uexp" 208
"../../../Engine/Content/EngineMaterials/MiniFont.uasset" 209
"../../../Engine/Content/EngineMaterials/MiniFont.uexp" 210
"../../../Engine/Content/EngineMaterials/InvalidLightmapSettings.uasset" 211
"../../../Engine/Content/EngineMaterials/InvalidLightmapSettings.uexp" 212
"../../../Engine/Content/EngineMaterials/InvalidLightmapSettings.ubulk" 213
"../../../Engine/Content/EngineMaterials/M_InvalidLightmapSettings.uasset" 214
"../../../Engine/Content/EngineMaterials/M_InvalidLightmapSettings.uexp" 215
"../../../Engine/Content/Functions/Engine_MaterialFunctions02/WorldPositionOffset/CameraOffset.uasset" 216
"../../../Engine/Content/Functions/Engine_MaterialFunctions02/WorldPositionOffset/CameraOffset.uexp" 217
"../../../Engine/Content/EngineMaterials/PhAT_JointLimitMaterial.uasset" 218
"../../../Engine/Content/EngineMaterials/PhAT_JointLimitMaterial.uexp" 219
"../../../Engine/Content/EngineMaterials/DefaultCalibrationColor.uasset" 220
"../../../Engine/Content/EngineMaterials/DefaultCalibrationColor.uexp" 221
"../../../Engine/Content/EngineMaterials/PPM_DefaultCalibrationColor.uasset" 222
"../../../Engine/Content/EngineMaterials/PPM_DefaultCalibrationColor.uexp" 223
"../../../Engine/Content/EngineMaterials/DefaultCalibrationGrayscale.uasset" 224
"../../../Engine/Content/EngineMaterials/DefaultCalibrationGrayscale.uexp" 225
"../../../Engine/Content/EngineMaterials/PPM_DefaultCalibrationGrayscale.uasset" 226
"../../../Engine/Content/EngineMaterials/PPM_DefaultCalibrationGrayscale.uexp" 227
"../../../Engine/Content/EngineMaterials/PreintegratedSkinBRDF.uasset" 228
"../../../Engine/Content/EngineMaterials/PreintegratedSkinBRDF.uexp" 229
"../../../Engine/Content/EngineMaterials/RemoveSurfaceMaterial.uasset" 230
"../../../Engine/Content/EngineMaterials/RemoveSurfaceMaterial.uexp" 231
"../../../Engine/Content/EngineMaterials/WeightMapPlaceholderTexture.uasset" 232
"../../../Engine/Content/EngineMaterials/WeightMapPlaceholderTexture.uexp" 233
"../../../Engine/Content/EngineResources/WhiteSquareTexture.uasset" 234
"../../../Engine/Content/EngineResources/WhiteSquareTexture.uexp" 235
"../../../Engine/Content/EngineMaterials/Widget3DPassThrough.uasset" 236
"../../../Engine/Content/EngineMaterials/Widget3DPassThrough.uexp" 237
"../../../Engine/Content/EngineMaterials/Widget3DPassThrough_Masked.uasset" 238
"../../../Engine/Content/EngineMaterials/Widget3DPassThrough_Masked.uexp" 239
"../../../Engine/Content/EngineMaterials/Widget3DPassThrough_Opaque.uasset" 240
"../../../Engine/Content/EngineMaterials/Widget3DPassThrough_Opaque.uexp" 241
"../../../Engine/Content/EngineMaterials/Widget3DPassThrough_Masked_OneSided.uasset" 242
"../../../Engine/Content/EngineMaterials/Widget3DPassThrough_Masked_OneSided.uexp" 243
"../../../Engine/Content/EngineMaterials/Widget3DPassThrough_Opaque_OneSided.uasset" 244
"../../../Engine/Content/EngineMaterials/Widget3DPassThrough_Opaque_OneSided.uexp" 245
"../../../Engine/Content/EngineMaterials/Widget3DPassThrough_Translucent.uasset" 246
"../../../Engine/Content/EngineMaterials/Widget3DPassThrough_Translucent.uexp" 247
"../../../Engine/Content/EngineMaterials/Widget3DPassThrough_Translucent_OneSided.uasset" 248
"../../../Engine/Content/EngineMaterials/Widget3DPassThrough_Translucent_OneSided.uexp" 249
"../../../Engine/Content/EngineMeshes/Cylinder.uasset" 250
"../../../Engine/Content/EngineMeshes/Cylinder.uexp" 251
"../../../Engine/Content/EngineMeshes/Sphere.uasset" 252
"../../../Engine/Content/EngineMeshes/Sphere.uexp" 253
"../../../Engine/Content/EngineResources/DefaultTexture.uasset" 254
"../../../Engine/Content/EngineResources/DefaultTexture.uexp" 255
"../../../Engine/Content/EngineResources/DefaultTexture.ubulk" 256
"../../../Engine/Content/EngineResources/DefaultTextureCube.uasset" 257
"../../../Engine/Content/EngineResources/DefaultTextureCube.uexp" 258
"../../../Engine/Content/EngineResources/DefaultVolumeTexture2D.uasset" 259
"../../../Engine/Content/EngineResources/DefaultVolumeTexture2D.uexp" 260
"../../../Engine/Content/EngineResources/DefaultVolumeTexture.uasset" 261
"../../../Engine/Content/EngineResources/DefaultVolumeTexture.uexp" 262
"../../../Engine/Content/EngineResources/GradientTexture0.uasset" 263
"../../../Engine/Content/EngineResources/GradientTexture0.uexp" 264
"../../../Engine/Content/EngineSky/VolumetricClouds/T_NoiseShape64.uasset" 265
"../../../Engine/Content/EngineSky/VolumetricClouds/T_NoiseShape64.uexp" 266
"../../../Engine/Content/EngineSky/VolumetricClouds/T_NoiseShape64.ubulk" 267
"../../../Engine/Content/EngineSky/VolumetricClouds/T_VolumeNoiseShape64.uasset" 268
"../../../Engine/Content/EngineSky/VolumetricClouds/T_VolumeNoiseShape64.uexp" 269
"../../../Engine/Content/EngineSky/VolumetricClouds/T_NoiseErosion.uasset" 270
"../../../Engine/Content/EngineSky/VolumetricClouds/T_NoiseErosion.uexp" 271
"../../../Engine/Content/EngineSky/VolumetricClouds/T_NoiseErosion.ubulk" 272
"../../../Engine/Content/EngineSky/VolumetricClouds/T_VolumeNoiseErosion32.uasset" 273
"../../../Engine/Content/EngineSky/VolumetricClouds/T_VolumeNoiseErosion32.uexp" 274
"../../../Engine/Content/EngineSky/VolumetricClouds/CloudWeatherTexture.uasset" 275
"../../../Engine/Content/EngineSky/VolumetricClouds/CloudWeatherTexture.uexp" 276
"../../../Engine/Content/EngineSky/VolumetricClouds/CloudGradientTexture.uasset" 277
"../../../Engine/Content/EngineSky/VolumetricClouds/CloudGradientTexture.uexp" 278
"../../../Engine/Content/Functions/Engine_MaterialFunctions02/Utility/MakeFloat2.uasset" 279
"../../../Engine/Content/Functions/Engine_MaterialFunctions02/Utility/MakeFloat2.uexp" 280
"../../../Engine/Content/EngineSky/VolumetricClouds/m_SimpleVolumetricCloud.uasset" 281
"../../../Engine/Content/EngineSky/VolumetricClouds/m_SimpleVolumetricCloud.uexp" 282
"../../../Engine/Content/EngineSky/VolumetricClouds/m_SimpleVolumetricCloud_Inst.uasset" 283
"../../../Engine/Content/EngineSky/VolumetricClouds/m_SimpleVolumetricCloud_Inst.uexp" 284
"../../../Engine/Content/EngineSounds/Master.uasset" 285
"../../../Engine/Content/EngineSounds/Master.uexp" 286
"../../../Engine/Content/Functions/Engine_MaterialFunctions01/Shading/PowerToRoughness.uasset" 287
"../../../Engine/Content/Functions/Engine_MaterialFunctions01/Shading/PowerToRoughness.uexp" 288
"../../../Engine/Content/Maps/Templates/Thumbnails/Default.uasset" 289
"../../../Engine/Content/Maps/Templates/Thumbnails/Default.uexp" 290
"../../../Engine/Content/Maps/Templates/Thumbnails/TimeOfDay.uasset" 291
"../../../Engine/Content/Maps/Templates/Thumbnails/TimeOfDay.uexp" 292
"../../../Engine/Content/Maps/Templates/Thumbnails/VR-Basic.uasset" 293
"../../../Engine/Content/Maps/Templates/Thumbnails/VR-Basic.uexp" 294
"../../../Engine/Content/MobileResources/T_MobileControls_texture.uasset" 295
"../../../Engine/Content/MobileResources/T_MobileControls_texture.uexp" 296
"../../../Engine/Content/MobileResources/T_MobileMenu2.uasset" 297
"../../../Engine/Content/MobileResources/T_MobileMenu2.uexp" 298
"../../../Engine/Content/MobileResources/HUD/AnalogHat.uasset" 299
"../../../Engine/Content/MobileResources/HUD/AnalogHat.uexp" 300
"../../../Engine/Content/MobileResources/HUD/VirtualJoystick_Thumb.uasset" 301
"../../../Engine/Content/MobileResources/HUD/VirtualJoystick_Thumb.uexp" 302
"../../../Engine/Content/MobileResources/HUD/VirtualJoystick_Background.uasset" 303
"../../../Engine/Content/MobileResources/HUD/VirtualJoystick_Background.uexp" 304
"../../../Engine/Content/MobileResources/HUD/DefaultVirtualJoysticks.uasset" 305
"../../../Engine/Content/MobileResources/HUD/DefaultVirtualJoysticks.uexp" 306
"../../../Engine/Content/MobileResources/HUD/LeftVirtualJoystickOnly.uasset" 307
"../../../Engine/Content/MobileResources/HUD/LeftVirtualJoystickOnly.uexp" 308
"../../../Engine/Content/MobileResources/HUD/MobileHUDButton1_off.uasset" 309
"../../../Engine/Content/MobileResources/HUD/MobileHUDButton1_off.uexp" 310
"../../../Engine/Content/MobileResources/HUD/MobileHUDButton1_on.uasset" 311
"../../../Engine/Content/MobileResources/HUD/MobileHUDButton1_on.uexp" 312
"../../../Engine/Content/MobileResources/HUD/MobileHUDButton2_off.uasset" 313
"../../../Engine/Content/MobileResources/HUD/MobileHUDButton2_off.uexp" 314
"../../../Engine/Content/MobileResources/HUD/MobileHUDButton2_on.uasset" 315
"../../../Engine/Content/MobileResources/HUD/MobileHUDButton2_on.uexp" 316
"../../../Engine/Content/MobileResources/HUD/MobileHUDButton3.uasset" 317
"../../../Engine/Content/MobileResources/HUD/MobileHUDButton3.uexp" 318
"../../../Engine/Content/MobileResources/HUD/MobileHUDButtonFire.uasset" 319
"../../../Engine/Content/MobileResources/HUD/MobileHUDButtonFire.uexp" 320
"../../../Engine/Content/MobileResources/HUD/MobileHUDDirectionPad.uasset" 321
"../../../Engine/Content/MobileResources/HUD/MobileHUDDirectionPad.uexp" 322
"../../../Engine/Content/MobileResources/HUD/MobileHUDDirectionPad2.uasset" 323
"../../../Engine/Content/MobileResources/HUD/MobileHUDDirectionPad2.uexp" 324
"../../../Engine/Content/MobileResources/HUD/MobileHUDDirectionPad3.uasset" 325
"../../../Engine/Content/MobileResources/HUD/MobileHUDDirectionPad3.uexp" 326
"../../../Engine/Content/MobileResources/HUD/MobileHUDDirectionStick.uasset" 327
"../../../Engine/Content/MobileResources/HUD/MobileHUDDirectionStick.uexp" 328
"../../../Engine/Content/MobileResources/HUD/T_Castle_ThumbstickInner.uasset" 329
"../../../Engine/Content/MobileResources/HUD/T_Castle_ThumbstickInner.uexp" 330
"../../../Engine/Content/MobileResources/HUD/T_Castle_ThumbstickOutter.uasset" 331
"../../../Engine/Content/MobileResources/HUD/T_Castle_ThumbstickOutter.uexp" 332
"../../../Engine/Content/Tutorial/ContentIntroCurve.uasset" 333
"../../../Engine/Content/Tutorial/ContentIntroCurve.uexp" 334
"../../../Engine/Content/Tutorial/Basics/TutorialAssets/icon_tab_Levels_40x.uasset" 335
"../../../Engine/Content/Tutorial/Basics/TutorialAssets/icon_tab_Levels_40x.uexp" 336
"../../../Engine/Content/Tutorial/BlueprintTutorials/TutorialAssets/Blueprint_64x.uasset" 337
"../../../Engine/Content/Tutorial/BlueprintTutorials/TutorialAssets/Blueprint_64x.uexp" 338
"../../../Engine/Content/Tutorial/Foliage/TutorialAssets/Foliage.uasset" 339
"../../../Engine/Content/Tutorial/Foliage/TutorialAssets/Foliage.uexp" 340
"../../../Engine/Content/VREditor/TransformGizmo/TranslucentTransformGizmoMaterial.uasset" 341
"../../../Engine/Content/VREditor/TransformGizmo/TranslucentTransformGizmoMaterial.uexp" 342
"../../../Engine/Content/VREditor/LaserPointer/VR_LaserPower_01.uasset" 343
"../../../Engine/Content/VREditor/LaserPointer/VR_LaserPower_01.uexp" 344
"../../../Engine/Content/VREditor/LaserPointer/VR_LaserPower_01.ubulk" 345
"../../../Engine/Content/VREditor/TransformGizmo/TransformGizmoMaterial.uasset" 346
"../../../Engine/Content/VREditor/TransformGizmo/TransformGizmoMaterial.uexp" 347
"../../../Engine/Content/VREditor/TransformGizmo/BoundingBoxCorner.uasset" 348
"../../../Engine/Content/VREditor/TransformGizmo/BoundingBoxCorner.uexp" 349
"../../../Engine/Content/VREditor/TransformGizmo/BoundingBoxEdge.uasset" 350
"../../../Engine/Content/VREditor/TransformGizmo/BoundingBoxEdge.uexp" 351
"../../../Engine/Content/VREditor/TransformGizmo/PlaneTranslationHandle.uasset" 352
"../../../Engine/Content/VREditor/TransformGizmo/PlaneTranslationHandle.uexp" 353
"../../../Engine/Content/VREditor/TransformGizmo/Xray.uasset" 354
"../../../Engine/Content/VREditor/TransformGizmo/Xray.uexp" 355
"../../../Engine/Content/VREditor/TransformGizmo/Main.uasset" 356
"../../../Engine/Content/VREditor/TransformGizmo/Main.uexp" 357
"../../../Engine/Content/VREditor/TransformGizmo/SM_Sequencer_Key.uasset" 358
"../../../Engine/Content/VREditor/TransformGizmo/SM_Sequencer_Key.uexp" 359
"../../../Engine/Content/VREditor/TransformGizmo/SM_Sequencer_Node.uasset" 360
"../../../Engine/Content/VREditor/TransformGizmo/SM_Sequencer_Node.uexp" 361
"../../../Engine/Plugins/2D/Paper2D/Content/PlaceholderTextures/DummySpriteTexture.uasset" 362
"../../../Engine/Plugins/2D/Paper2D/Content/PlaceholderTextures/DummySpriteTexture.uexp" 363
"../../../Engine/Plugins/2D/Paper2D/Content/PlaceholderTextures/DummySpriteTexture.ubulk" 364
"../../../Engine/Plugins/2D/Paper2D/Content/DummySprite.uasset" 365
"../../../Engine/Plugins/2D/Paper2D/Content/DummySprite.uexp" 366
"../../../Engine/Plugins/2D/Paper2D/Content/DefaultPaperTerrainMaterial.uasset" 367
"../../../Engine/Plugins/2D/Paper2D/Content/DefaultPaperTerrainMaterial.uexp" 368
"../../../Engine/Plugins/2D/Paper2D/Content/DefaultSpriteMaterial.uasset" 369
"../../../Engine/Plugins/2D/Paper2D/Content/DefaultSpriteMaterial.uexp" 370
"../../../Engine/Plugins/2D/Paper2D/Content/MaskedUnlitSpriteMaterial.uasset" 371
"../../../Engine/Plugins/2D/Paper2D/Content/MaskedUnlitSpriteMaterial.uexp" 372
"../../../Engine/Plugins/2D/Paper2D/Content/OpaqueUnlitSpriteMaterial.uasset" 373
"../../../Engine/Plugins/2D/Paper2D/Content/OpaqueUnlitSpriteMaterial.uexp" 374
"../../../Engine/Content/Functions/Engine_MaterialFunctions02/Utility/VectorLength.uasset" 375
"../../../Engine/Content/Functions/Engine_MaterialFunctions02/Utility/VectorLength.uexp" 376
"../../../Engine/Content/Functions/Engine_MaterialFunctions02/ObjectLocalBounds.uasset" 377
"../../../Engine/Content/Functions/Engine_MaterialFunctions02/ObjectLocalBounds.uexp" 378
"../../../Engine/Content/Functions/Engine_MaterialFunctions02/WorldPositionOffset/ObjectScale.uasset" 379
"../../../Engine/Content/Functions/Engine_MaterialFunctions02/WorldPositionOffset/ObjectScale.uexp" 380
"../../../Engine/Content/Functions/Engine_MaterialFunctions02/Utility/BreakOutFloat3Components.uasset" 381
"../../../Engine/Content/Functions/Engine_MaterialFunctions02/Utility/BreakOutFloat3Components.uexp" 382
"../../../Engine/Plugins/Editor/SpeedTreeImporter/Content/SpeedTree9/UnpackInteger3.uasset" 383
"../../../Engine/Plugins/Editor/SpeedTreeImporter/Content/SpeedTree9/UnpackInteger3.uexp" 384
"../../../Engine/Plugins/Editor/SpeedTreeImporter/Content/SpeedTree9/UnpackDirection.uasset" 385
"../../../Engine/Plugins/Editor/SpeedTreeImporter/Content/SpeedTree9/UnpackDirection.uexp" 386
"../../../Engine/Plugins/Editor/SpeedTreeImporter/Content/SpeedTree9/game_wind_noise.uasset" 387
"../../../Engine/Plugins/Editor/SpeedTreeImporter/Content/SpeedTree9/game_wind_noise.uexp" 388
"../../../Engine/Plugins/Editor/SpeedTreeImporter/Content/SpeedTree9/game_wind_noise.ubulk" 389
"../../../Engine/Content/Functions/Engine_MaterialFunctions02/SafeNormalize.uasset" 390
"../../../Engine/Content/Functions/Engine_MaterialFunctions02/SafeNormalize.uexp" 391
"../../../Engine/Plugins/Editor/SpeedTreeImporter/Content/SpeedTree9/SpeedTreeWindMotion.uasset" 392
"../../../Engine/Plugins/Editor/SpeedTreeImporter/Content/SpeedTree9/SpeedTreeWindMotion.uexp" 393
"../../../Engine/Plugins/Editor/SpeedTreeImporter/Content/SpeedTree9/SpeedTreeBranchMotion.uasset" 394
"../../../Engine/Plugins/Editor/SpeedTreeImporter/Content/SpeedTree9/SpeedTreeBranchMotion.uexp" 395
"../../../Engine/Content/Functions/Engine_MaterialFunctions02/UVs/BoundingBoxBased_0-1_UVW.uasset" 396
"../../../Engine/Content/Functions/Engine_MaterialFunctions02/UVs/BoundingBoxBased_0-1_UVW.uexp" 397
"../../../Engine/Plugins/Editor/SpeedTreeImporter/Content/SpeedTree9/SpeedTreeWind.uasset" 398
"../../../Engine/Plugins/Editor/SpeedTreeImporter/Content/SpeedTree9/SpeedTreeWind.uexp" 399
"../../../Engine/Plugins/Editor/SpeedTreeImporter/Content/SpeedTree9/SpeedTreeBillboard.uasset" 400
"../../../Engine/Plugins/Editor/SpeedTreeImporter/Content/SpeedTree9/SpeedTreeBillboard.uexp" 401
"../../../Engine/Plugins/Editor/SpeedTreeImporter/Content/SpeedTree9/EmptyNormal.uasset" 402
"../../../Engine/Plugins/Editor/SpeedTreeImporter/Content/SpeedTree9/EmptyNormal.uexp" 403
"../../../Engine/Plugins/Editor/SpeedTreeImporter/Content/SpeedTree9/Empty.uasset" 404
"../../../Engine/Plugins/Editor/SpeedTreeImporter/Content/SpeedTree9/Empty.uexp" 405
"../../../Engine/Plugins/Editor/SpeedTreeImporter/Content/SpeedTree9/SpeedTreeBillboardMaster.uasset" 406
"../../../Engine/Plugins/Editor/SpeedTreeImporter/Content/SpeedTree9/SpeedTreeBillboardMaster.uexp" 407
"../../../Engine/Plugins/Editor/SpeedTreeImporter/Content/SpeedTree9/SpeedTreeCameraFacing.uasset" 408
"../../../Engine/Plugins/Editor/SpeedTreeImporter/Content/SpeedTree9/SpeedTreeCameraFacing.uexp" 409
"../../../Engine/Plugins/Editor/SpeedTreeImporter/Content/SpeedTree9/SpeedTreeMaster.uasset" 410
"../../../Engine/Plugins/Editor/SpeedTreeImporter/Content/SpeedTree9/SpeedTreeMaster.uexp" 411
"../../../Engine/Content/ArtTools/RenderToTexture/Materials/Debug/M_Emissive_Color.uasset" 412
"../../../Engine/Content/ArtTools/RenderToTexture/Materials/Debug/M_Emissive_Color.uexp" 413
"../../../Engine/Content/BasicShapes/Cylinder.uasset" 414
"../../../Engine/Content/BasicShapes/Cylinder.uexp" 415
"../../../Engine/Plugins/Lumin/MagicLeapPassableWorld/Content/MagicLeapARPinInfoActor.uasset" 416
"../../../Engine/Plugins/Lumin/MagicLeapPassableWorld/Content/MagicLeapARPinInfoActor.uexp" 417
"../../../Engine/Plugins/Runtime/OpenXR/Content/Devices/GoogleDaydream/MRTexture.uasset" 418
"../../../Engine/Plugins/Runtime/OpenXR/Content/Devices/GoogleDaydream/MRTexture.uexp" 419
"../../../Engine/Plugins/Runtime/OpenXR/Content/Devices/GoogleDaydream/MRTexture.ubulk" 420
"../../../Engine/Plugins/Runtime/OpenXR/Content/Devices/GoogleDaydream/BaseTexture.uasset" 421
"../../../Engine/Plugins/Runtime/OpenXR/Content/Devices/GoogleDaydream/BaseTexture.uexp" 422
"../../../Engine/Plugins/Runtime/OpenXR/Content/Devices/GoogleDaydream/BaseTexture.ubulk" 423
"../../../Engine/Content/EngineResources/Black.uasset" 424
"../../../Engine/Content/EngineResources/Black.uexp" 425
"../../../Engine/Plugins/Runtime/OpenXR/Content/Devices/M_XRController.uasset" 426
"../../../Engine/Plugins/Runtime/OpenXR/Content/Devices/M_XRController.uexp" 427
"../../../Engine/Plugins/Runtime/OpenXR/Content/Devices/GoogleDaydream/MI_GoogleDaydream.uasset" 428
"../../../Engine/Plugins/Runtime/OpenXR/Content/Devices/GoogleDaydream/MI_GoogleDaydream.uexp" 429
"../../../Engine/Plugins/Runtime/OpenXR/Content/Devices/GoogleDaydream/GoogleDaydreamController.uasset" 430
"../../../Engine/Plugins/Runtime/OpenXR/Content/Devices/GoogleDaydream/GoogleDaydreamController.uexp" 431
"../../../Engine/Plugins/Runtime/OpenXR/Content/Devices/HTCVive/BaseTexture.uasset" 432
"../../../Engine/Plugins/Runtime/OpenXR/Content/Devices/HTCVive/BaseTexture.uexp" 433
"../../../Engine/Plugins/Runtime/OpenXR/Content/Devices/HTCVive/BaseTexture.ubulk" 434
"../../../Engine/Plugins/Runtime/OpenXR/Content/Devices/HTCVive/MI_HTCVive.uasset" 435
"../../../Engine/Plugins/Runtime/OpenXR/Content/Devices/HTCVive/MI_HTCVive.uexp" 436
"../../../Engine/Plugins/Runtime/OpenXR/Content/Devices/HTCVive/HTCViveController.uasset" 437
"../../../Engine/Plugins/Runtime/OpenXR/Content/Devices/HTCVive/HTCViveController.uexp" 438
"../../../Engine/Plugins/Runtime/OpenXR/Content/Devices/MicrosoftMixedReality/NormalTexture.uasset" 439
"../../../Engine/Plugins/Runtime/OpenXR/Content/Devices/MicrosoftMixedReality/NormalTexture.uexp" 440
"../../../Engine/Plugins/Runtime/OpenXR/Content/Devices/MicrosoftMixedReality/NormalTexture.ubulk" 441
"../../../Engine/Plugins/Runtime/OpenXR/Content/Devices/MicrosoftMixedReality/MRTexture.uasset" 442
"../../../Engine/Plugins/Runtime/OpenXR/Content/Devices/MicrosoftMixedReality/MRTexture.uexp" 443
"../../../Engine/Plugins/Runtime/OpenXR/Content/Devices/MicrosoftMixedReality/MRTexture.ubulk" 444
"../../../Engine/Plugins/Runtime/OpenXR/Content/Devices/MicrosoftMixedReality/EmissiveTexture.uasset" 445
"../../../Engine/Plugins/Runtime/OpenXR/Content/Devices/MicrosoftMixedReality/EmissiveTexture.uexp" 446
"../../../Engine/Plugins/Runtime/OpenXR/Content/Devices/MicrosoftMixedReality/EmissiveTexture.ubulk" 447
"../../../Engine/Plugins/Runtime/OpenXR/Content/Devices/MicrosoftMixedReality/BaseTexture.uasset" 448
"../../../Engine/Plugins/Runtime/OpenXR/Content/Devices/MicrosoftMixedReality/BaseTexture.uexp" 449
"../../../Engine/Plugins/Runtime/OpenXR/Content/Devices/MicrosoftMixedReality/BaseTexture.ubulk" 450
"../../../Engine/Plugins/Runtime/OpenXR/Content/Devices/MicrosoftMixedReality/MI_MicrosoftMixedReality.uasset" 451
"../../../Engine/Plugins/Runtime/OpenXR/Content/Devices/MicrosoftMixedReality/MI_MicrosoftMixedReality.uexp" 452
"../../../Engine/Plugins/Runtime/OpenXR/Content/Devices/MicrosoftMixedReality/Left/left_MicrosoftMixedRealityController.uasset" 453
"../../../Engine/Plugins/Runtime/OpenXR/Content/Devices/MicrosoftMixedReality/Left/left_MicrosoftMixedRealityController.uexp" 454
"../../../Engine/Plugins/Runtime/OpenXR/Content/Devices/MicrosoftMixedReality/Right/right_MicrosoftMixedRealityController.uasset" 455
"../../../Engine/Plugins/Runtime/OpenXR/Content/Devices/MicrosoftMixedReality/Right/right_MicrosoftMixedRealityController.uexp" 456
"../../../Engine/Plugins/Runtime/OpenXR/Content/Devices/OculusGo/BaseTexture.uasset" 457
"../../../Engine/Plugins/Runtime/OpenXR/Content/Devices/OculusGo/BaseTexture.uexp" 458
"../../../Engine/Plugins/Runtime/OpenXR/Content/Devices/OculusGo/BaseTexture.ubulk" 459
"../../../Engine/Plugins/Runtime/OpenXR/Content/Devices/OculusGo/MI_OculusGo.uasset" 460
"../../../Engine/Plugins/Runtime/OpenXR/Content/Devices/OculusGo/MI_OculusGo.uexp" 461
"../../../Engine/Plugins/Runtime/OpenXR/Content/Devices/OculusGo/OculusGoController.uasset" 462
"../../../Engine/Plugins/Runtime/OpenXR/Content/Devices/OculusGo/OculusGoController.uexp" 463
"../../../Engine/Plugins/Runtime/OpenXR/Content/Devices/OculusTouch/MRTexture.uasset" 464
"../../../Engine/Plugins/Runtime/OpenXR/Content/Devices/OculusTouch/MRTexture.uexp" 465
"../../../Engine/Plugins/Runtime/OpenXR/Content/Devices/OculusTouch/MRTexture.ubulk" 466
"../../../Engine/Plugins/Runtime/OpenXR/Content/Devices/OculusTouch/BaseTexture.uasset" 467
"../../../Engine/Plugins/Runtime/OpenXR/Content/Devices/OculusTouch/BaseTexture.uexp" 468
"../../../Engine/Plugins/Runtime/OpenXR/Content/Devices/OculusTouch/BaseTexture.ubulk" 469
"../../../Engine/Plugins/Runtime/OpenXR/Content/Devices/OculusTouch/MI_OculusTouch.uasset" 470
"../../../Engine/Plugins/Runtime/OpenXR/Content/Devices/OculusTouch/MI_OculusTouch.uexp" 471
"../../../Engine/Plugins/Runtime/OpenXR/Content/Devices/OculusTouch/Left/left_OculusTouchController.uasset" 472
"../../../Engine/Plugins/Runtime/OpenXR/Content/Devices/OculusTouch/Left/left_OculusTouchController.uexp" 473
"../../../Engine/Plugins/Runtime/OpenXR/Content/Devices/OculusTouch/Right/right_OculusTouchController.uasset" 474
"../../../Engine/Plugins/Runtime/OpenXR/Content/Devices/OculusTouch/Right/right_OculusTouchController.uexp" 475
"../../../Engine/Plugins/Runtime/OpenXR/Content/Devices/OculusTouch_v2/MRTexture.uasset" 476
"../../../Engine/Plugins/Runtime/OpenXR/Content/Devices/OculusTouch_v2/MRTexture.uexp" 477
"../../../Engine/Plugins/Runtime/OpenXR/Content/Devices/OculusTouch_v2/MRTexture.ubulk" 478
"../../../Engine/Plugins/Runtime/OpenXR/Content/Devices/OculusTouch_v2/BaseTexture.uasset" 479
"../../../Engine/Plugins/Runtime/OpenXR/Content/Devices/OculusTouch_v2/BaseTexture.uexp" 480
"../../../Engine/Plugins/Runtime/OpenXR/Content/Devices/OculusTouch_v2/BaseTexture.ubulk" 481
"../../../Engine/Plugins/Runtime/OpenXR/Content/Devices/OculusTouch_v2/MI_OculusTouch_v2.uasset" 482
"../../../Engine/Plugins/Runtime/OpenXR/Content/Devices/OculusTouch_v2/MI_OculusTouch_v2.uexp" 483
"../../../Engine/Plugins/Runtime/OpenXR/Content/Devices/OculusTouch_v2/Left/left_OculusTouch_v2Controller.uasset" 484
"../../../Engine/Plugins/Runtime/OpenXR/Content/Devices/OculusTouch_v2/Left/left_OculusTouch_v2Controller.uexp" 485
"../../../Engine/Plugins/Runtime/OpenXR/Content/Devices/OculusTouch_v2/Right/right_OculusTouch_v2Controller.uasset" 486
"../../../Engine/Plugins/Runtime/OpenXR/Content/Devices/OculusTouch_v2/Right/right_OculusTouch_v2Controller.uexp" 487
"../../../Engine/Plugins/Runtime/OpenXR/Content/Devices/OculusTouch_v3/MRTexture.uasset" 488
"../../../Engine/Plugins/Runtime/OpenXR/Content/Devices/OculusTouch_v3/MRTexture.uexp" 489
"../../../Engine/Plugins/Runtime/OpenXR/Content/Devices/OculusTouch_v3/MRTexture.ubulk" 490
"../../../Engine/Plugins/Runtime/OpenXR/Content/Devices/OculusTouch_v3/BaseTexture.uasset" 491
"../../../Engine/Plugins/Runtime/OpenXR/Content/Devices/OculusTouch_v3/BaseTexture.uexp" 492
"../../../Engine/Plugins/Runtime/OpenXR/Content/Devices/OculusTouch_v3/BaseTexture.ubulk" 493
"../../../Engine/Plugins/Runtime/OpenXR/Content/Devices/OculusTouch_v3/MI_OculusTouch_v3.uasset" 494
"../../../Engine/Plugins/Runtime/OpenXR/Content/Devices/OculusTouch_v3/MI_OculusTouch_v3.uexp" 495
"../../../Engine/Plugins/Runtime/OpenXR/Content/Devices/OculusTouch_v3/Left/left_OculusTouch_v3Controller.uasset" 496
"../../../Engine/Plugins/Runtime/OpenXR/Content/Devices/OculusTouch_v3/Left/left_OculusTouch_v3Controller.uexp" 497
"../../../Engine/Plugins/Runtime/OpenXR/Content/Devices/OculusTouch_v3/Right/right_OculusTouch_v3Controller.uasset" 498
"../../../Engine/Plugins/Runtime/OpenXR/Content/Devices/OculusTouch_v3/Right/right_OculusTouch_v3Controller.uexp" 499
"../../../Engine/Plugins/Runtime/OpenXR/Content/Devices/ValveIndex/MRTexture.uasset" 500
"../../../Engine/Plugins/Runtime/OpenXR/Content/Devices/ValveIndex/MRTexture.uexp" 501
"../../../Engine/Plugins/Runtime/OpenXR/Content/Devices/ValveIndex/MRTexture.ubulk" 502
"../../../Engine/Plugins/Runtime/OpenXR/Content/Devices/ValveIndex/BaseTexture.uasset" 503
"../../../Engine/Plugins/Runtime/OpenXR/Content/Devices/ValveIndex/BaseTexture.uexp" 504
"../../../Engine/Plugins/Runtime/OpenXR/Content/Devices/ValveIndex/BaseTexture.ubulk" 505
"../../../Engine/Plugins/Runtime/OpenXR/Content/Devices/ValveIndex/Left/MI_left_ValveIndex.uasset" 506
"../../../Engine/Plugins/Runtime/OpenXR/Content/Devices/ValveIndex/Left/MI_left_ValveIndex.uexp" 507
"../../../Engine/Plugins/Runtime/OpenXR/Content/Devices/ValveIndex/Left/left_ValveIndexController.uasset" 508
"../../../Engine/Plugins/Runtime/OpenXR/Content/Devices/ValveIndex/Left/left_ValveIndexController.uexp" 509
"../../../Engine/Plugins/Runtime/OpenXR/Content/Devices/ValveIndex/Right/MI_right_ValveIndex.uasset" 510
"../../../Engine/Plugins/Runtime/OpenXR/Content/Devices/ValveIndex/Right/MI_right_ValveIndex.uexp" 511
"../../../Engine/Plugins/Runtime/OpenXR/Content/Devices/ValveIndex/Right/right_ValveIndexController.uasset" 512
"../../../Engine/Plugins/Runtime/OpenXR/Content/Devices/ValveIndex/Right/right_ValveIndexController.uexp" 513
"../../../Engine/Content/Functions/Engine_MaterialFunctions02/Utility/BreakOutFloat4Components.uasset" 514
"../../../Engine/Content/Functions/Engine_MaterialFunctions02/Utility/BreakOutFloat4Components.uexp" 515
"../../../Engine/Content/Functions/Engine_MaterialFunctions02/Utility/MakeFloat3.uasset" 516
"../../../Engine/Content/Functions/Engine_MaterialFunctions02/Utility/MakeFloat3.uexp" 517
"../../../Engine/Plugins/Runtime/Oculus/OculusVR/Content/Materials/OculusMR_ChromaKey.uasset" 518
"../../../Engine/Plugins/Runtime/Oculus/OculusVR/Content/Materials/OculusMR_ChromaKey.uexp" 519
"../../../Engine/Plugins/Runtime/Oculus/OculusVR/Content/Materials/OculusMR_OpaqueColoredMaterial.uasset" 520
"../../../Engine/Plugins/Runtime/Oculus/OculusVR/Content/Materials/OculusMR_OpaqueColoredMaterial.uexp" 521
"../../../Engine/Plugins/Runtime/Oculus/OculusVR/Content/Materials/PokeAHoleMaterial.uasset" 522
"../../../Engine/Plugins/Runtime/Oculus/OculusVR/Content/Materials/PokeAHoleMaterial.uexp" 523
"../../../Engine/Plugins/Runtime/Oculus/OculusVR/Content/Textures/touchController_controlmap.uasset" 524
"../../../Engine/Plugins/Runtime/Oculus/OculusVR/Content/Textures/touchController_controlmap.uexp" 525
"../../../Engine/Plugins/Runtime/Oculus/OculusVR/Content/Textures/touchController_controlmap.ubulk" 526
"../../../Engine/Plugins/Runtime/Oculus/OculusVR/Content/Textures/touchController_albedo.uasset" 527
"../../../Engine/Plugins/Runtime/Oculus/OculusVR/Content/Textures/touchController_albedo.uexp" 528
"../../../Engine/Plugins/Runtime/Oculus/OculusVR/Content/Textures/touchController_albedo.ubulk" 529
"../../../Engine/Plugins/Runtime/Oculus/OculusVR/Content/Materials/touchController_mat.uasset" 530
"../../../Engine/Plugins/Runtime/Oculus/OculusVR/Content/Materials/touchController_mat.uexp" 531
"../../../Engine/Plugins/Runtime/Oculus/OculusVR/Content/Meshes/LeftTouchController.uasset" 532
"../../../Engine/Plugins/Runtime/Oculus/OculusVR/Content/Meshes/LeftTouchController.uexp" 533
"../../../Engine/Plugins/Runtime/Oculus/OculusVR/Content/Textures/TouchForQuestRiftSController_albedo.uasset" 534
"../../../Engine/Plugins/Runtime/Oculus/OculusVR/Content/Textures/TouchForQuestRiftSController_albedo.uexp" 535
"../../../Engine/Plugins/Runtime/Oculus/OculusVR/Content/Textures/TouchForQuestRiftSController_albedo.ubulk" 536
"../../../Engine/Plugins/Runtime/Oculus/OculusVR/Content/Materials/TouchForQuestRiftSControllerMaterial.uasset" 537
"../../../Engine/Plugins/Runtime/Oculus/OculusVR/Content/Materials/TouchForQuestRiftSControllerMaterial.uexp" 538
"../../../Engine/Plugins/Runtime/Oculus/OculusVR/Content/Meshes/LeftTouchForQuestRiftSController.uasset" 539
"../../../Engine/Plugins/Runtime/Oculus/OculusVR/Content/Meshes/LeftTouchForQuestRiftSController.uexp" 540
"../../../Engine/Plugins/Runtime/Oculus/OculusVR/Content/Meshes/RiftHMD.uasset" 541
"../../../Engine/Plugins/Runtime/Oculus/OculusVR/Content/Meshes/RiftHMD.uexp" 542
"../../../Engine/Plugins/Runtime/Oculus/OculusVR/Content/Meshes/RightTouchController.uasset" 543
"../../../Engine/Plugins/Runtime/Oculus/OculusVR/Content/Meshes/RightTouchController.uexp" 544
"../../../Engine/Plugins/Runtime/Oculus/OculusVR/Content/Meshes/RightTouchForQuestRiftSController.uasset" 545
"../../../Engine/Plugins/Runtime/Oculus/OculusVR/Content/Meshes/RightTouchForQuestRiftSController.uexp" 546
"../../../Engine/Content/EditorBlueprintResources/StandardMacros.uasset" 547
"../../../Engine/Content/EditorBlueprintResources/StandardMacros.uexp" 548
"E:/UE4 Projects/QuestsExample/Content/ExampleContent/Blueprints/Misc/BP_GameSave.uasset" 549
"E:/UE4 Projects/QuestsExample/Content/ExampleContent/Blueprints/Misc/BP_GameSave.uexp" 550
"E:/UE4 Projects/QuestsExample/Content/ExampleContent/Blueprints/Misc/BP_ExampleGameInstance.uasset" 551
"E:/UE4 Projects/QuestsExample/Content/ExampleContent/Blueprints/Misc/BP_ExampleGameInstance.uexp" 552
"E:/UE4 Projects/QuestsExample/Content/ExampleContent/Blueprints/Misc/W_StartUpMenu.uasset" 553
"E:/UE4 Projects/QuestsExample/Content/ExampleContent/Blueprints/Misc/W_StartUpMenu.uexp" 554
"E:/UE4 Projects/QuestsExample/Content/ExampleContent/Blueprints/Misc/BP_StartUpGameMode.uasset" 555
"E:/UE4 Projects/QuestsExample/Content/ExampleContent/Blueprints/Misc/BP_StartUpGameMode.uexp" 556
"E:/UE4 Projects/QuestsExample/Content/ExampleContent/Maps/StartUpMap.uexp" 557
"E:/UE4 Projects/QuestsExample/Content/ExampleContent/Maps/StartUpMap.umap" 558
"E:/UE4 Projects/QuestsExample/Content/ExampleContent/Quests/Nodes/QN_TutorialMovement.uasset" 559
"E:/UE4 Projects/QuestsExample/Content/ExampleContent/Quests/Nodes/QN_TutorialMovement.uexp" 560
"E:/UE4 Projects/QuestsExample/Content/FPWeapon/Mesh/SK_FPGun_Skeleton.uasset" 561
"E:/UE4 Projects/QuestsExample/Content/FPWeapon/Mesh/SK_FPGun_Skeleton.uexp" 562
"E:/UE4 Projects/QuestsExample/Content/FPWeapon/Mesh/SK_FPGun_PhysicsAsset.uasset" 563
"E:/UE4 Projects/QuestsExample/Content/FPWeapon/Mesh/SK_FPGun_PhysicsAsset.uexp" 564
"E:/UE4 Projects/QuestsExample/Content/FPWeapon/Textures/T_FPGun_N.uasset" 565
"E:/UE4 Projects/QuestsExample/Content/FPWeapon/Textures/T_FPGun_N.uexp" 566
"E:/UE4 Projects/QuestsExample/Content/FPWeapon/Textures/T_FPGun_N.ubulk" 567
"E:/UE4 Projects/QuestsExample/Content/FPWeapon/Textures/T_FPGun_M.uasset" 568
"E:/UE4 Projects/QuestsExample/Content/FPWeapon/Textures/T_FPGun_M.uexp" 569
"E:/UE4 Projects/QuestsExample/Content/FPWeapon/Textures/T_FPGun_M.ubulk" 570
"E:/UE4 Projects/QuestsExample/Content/FPWeapon/Materials/MaterialLayers/T_ML_Rubber_Blue_01_N.uasset" 571
"E:/UE4 Projects/QuestsExample/Content/FPWeapon/Materials/MaterialLayers/T_ML_Rubber_Blue_01_N.uexp" 572
"E:/UE4 Projects/QuestsExample/Content/FPWeapon/Materials/MaterialLayers/T_ML_Rubber_Blue_01_N.ubulk" 573
"E:/UE4 Projects/QuestsExample/Content/FPWeapon/Materials/MaterialLayers/T_ML_Rubber_Blue_01_D.uasset" 574
"E:/UE4 Projects/QuestsExample/Content/FPWeapon/Materials/MaterialLayers/T_ML_Rubber_Blue_01_D.uexp" 575
"E:/UE4 Projects/QuestsExample/Content/FPWeapon/Materials/MaterialLayers/T_ML_Rubber_Blue_01_D.ubulk" 576
"E:/UE4 Projects/QuestsExample/Content/FPWeapon/Materials/MaterialLayers/T_ML_Aluminum01_N.uasset" 577
"E:/UE4 Projects/QuestsExample/Content/FPWeapon/Materials/MaterialLayers/T_ML_Aluminum01_N.uexp" 578
"E:/UE4 Projects/QuestsExample/Content/FPWeapon/Materials/MaterialLayers/T_ML_Aluminum01_N.ubulk" 579
"E:/UE4 Projects/QuestsExample/Content/FPWeapon/Materials/MaterialLayers/T_ML_Aluminum01.uasset" 580
"E:/UE4 Projects/QuestsExample/Content/FPWeapon/Materials/MaterialLayers/T_ML_Aluminum01.uexp" 581
"E:/UE4 Projects/QuestsExample/Content/FPWeapon/Materials/MaterialLayers/T_ML_Aluminum01.ubulk" 582
"E:/UE4 Projects/QuestsExample/Content/FPWeapon/Materials/MaterialLayers/ML_SoftMetal_UE4.uasset" 583
"E:/UE4 Projects/QuestsExample/Content/FPWeapon/Materials/MaterialLayers/ML_SoftMetal_UE4.uexp" 584
"E:/UE4 Projects/QuestsExample/Content/FPWeapon/Materials/MaterialLayers/ML_Screen.uasset" 585
"E:/UE4 Projects/QuestsExample/Content/FPWeapon/Materials/MaterialLayers/ML_Screen.uexp" 586
"E:/UE4 Projects/QuestsExample/Content/FPWeapon/Materials/MaterialLayers/ML_Plastic_Shiny_Beige.uasset" 587
"E:/UE4 Projects/QuestsExample/Content/FPWeapon/Materials/MaterialLayers/ML_Plastic_Shiny_Beige.uexp" 588
"E:/UE4 Projects/QuestsExample/Content/FPWeapon/Materials/MaterialLayers/ML_GlossyBlack_Latex_UE4.uasset" 589
"E:/UE4 Projects/QuestsExample/Content/FPWeapon/Materials/MaterialLayers/ML_GlossyBlack_Latex_UE4.uexp" 590
"../../../Engine/Content/Functions/MaterialLayerFunctions/MatLayerBlend_Simple.uasset" 591
"../../../Engine/Content/Functions/MaterialLayerFunctions/MatLayerBlend_Simple.uexp" 592
"../../../Engine/Content/Functions/Engine_MaterialFunctions02/Utility/BlendAngleCorrectedNormals.uasset" 593
"../../../Engine/Content/Functions/Engine_MaterialFunctions02/Utility/BlendAngleCorrectedNormals.uexp" 594
"../../../Engine/Content/Functions/MaterialLayerFunctions/MatLayerBlend_NormalBlend.uasset" 595
"../../../Engine/Content/Functions/MaterialLayerFunctions/MatLayerBlend_NormalBlend.uexp" 596
"E:/UE4 Projects/QuestsExample/Content/FPWeapon/Materials/M_FPGun.uasset" 597
"E:/UE4 Projects/QuestsExample/Content/FPWeapon/Materials/M_FPGun.uexp" 598
"E:/UE4 Projects/QuestsExample/Content/FPWeapon/Mesh/SK_FPGun.uasset" 599
"E:/UE4 Projects/QuestsExample/Content/FPWeapon/Mesh/SK_FPGun.uexp" 600
"E:/UE4 Projects/QuestsExample/Content/FirstPerson/Character/Mesh/SK_Mannequin_Arms_PhysicsAsset.uasset" 601
"E:/UE4 Projects/QuestsExample/Content/FirstPerson/Character/Mesh/SK_Mannequin_Arms_PhysicsAsset.uexp" 602
"E:/UE4 Projects/QuestsExample/Content/FirstPerson/Character/Textures/UE4_Mannequin_MAT_MASKA.uasset" 603
"E:/UE4 Projects/QuestsExample/Content/FirstPerson/Character/Textures/UE4_Mannequin_MAT_MASKA.uexp" 604
"E:/UE4 Projects/QuestsExample/Content/FirstPerson/Character/Textures/UE4_Mannequin_MAT_MASKA.ubulk" 605
"E:/UE4 Projects/QuestsExample/Content/FirstPerson/Character/Textures/UE4_Mannequin__normals.uasset" 606
"E:/UE4 Projects/QuestsExample/Content/FirstPerson/Character/Textures/UE4_Mannequin__normals.uexp" 607
"E:/UE4 Projects/QuestsExample/Content/FirstPerson/Character/Textures/UE4_Mannequin__normals.ubulk" 608
"E:/UE4 Projects/QuestsExample/Content/FirstPerson/Character/Materials/MaterialLayers/T_ML_Aluminum01_N.uasset" 609
"E:/UE4 Projects/QuestsExample/Content/FirstPerson/Character/Materials/MaterialLayers/T_ML_Aluminum01_N.uexp" 610
"E:/UE4 Projects/QuestsExample/Content/FirstPerson/Character/Materials/MaterialLayers/T_ML_Aluminum01_N.ubulk" 611
"E:/UE4 Projects/QuestsExample/Content/FirstPerson/Character/Materials/MaterialLayers/T_ML_Aluminum01.uasset" 612
"E:/UE4 Projects/QuestsExample/Content/FirstPerson/Character/Materials/MaterialLayers/T_ML_Aluminum01.uexp" 613
"E:/UE4 Projects/QuestsExample/Content/FirstPerson/Character/Materials/MaterialLayers/T_ML_Aluminum01.ubulk" 614
"E:/UE4 Projects/QuestsExample/Content/FirstPerson/Character/Materials/MaterialLayers/ML_SoftMetal_UE4.uasset" 615
"E:/UE4 Projects/QuestsExample/Content/FirstPerson/Character/Materials/MaterialLayers/ML_SoftMetal_UE4.uexp" 616
"E:/UE4 Projects/QuestsExample/Content/FirstPerson/Character/Textures/UE4_LOGO_CARD.uasset" 617
"E:/UE4 Projects/QuestsExample/Content/FirstPerson/Character/Textures/UE4_LOGO_CARD.uexp" 618
"E:/UE4 Projects/QuestsExample/Content/FirstPerson/Character/Textures/UE4_LOGO_CARD.ubulk" 619
"E:/UE4 Projects/QuestsExample/Content/FirstPerson/Character/Materials/MaterialLayers/ML_Plastic_Shiny_Beige_LOGO.uasset" 620
"E:/UE4 Projects/QuestsExample/Content/FirstPerson/Character/Materials/MaterialLayers/ML_Plastic_Shiny_Beige_LOGO.uexp" 621
"E:/UE4 Projects/QuestsExample/Content/FirstPerson/Character/Materials/MaterialLayers/ML_Plastic_Shiny_Beige.uasset" 622
"E:/UE4 Projects/QuestsExample/Content/FirstPerson/Character/Materials/MaterialLayers/ML_Plastic_Shiny_Beige.uexp" 623
"E:/UE4 Projects/QuestsExample/Content/FirstPerson/Character/Materials/MaterialLayers/T_ML_Rubber_Blue_01_N.uasset" 624
"E:/UE4 Projects/QuestsExample/Content/FirstPerson/Character/Materials/MaterialLayers/T_ML_Rubber_Blue_01_N.uexp" 625
"E:/UE4 Projects/QuestsExample/Content/FirstPerson/Character/Materials/MaterialLayers/T_ML_Rubber_Blue_01_N.ubulk" 626
"E:/UE4 Projects/QuestsExample/Content/FirstPerson/Character/Materials/MaterialLayers/T_ML_Rubber_Blue_01_D.uasset" 627
"E:/UE4 Projects/QuestsExample/Content/FirstPerson/Character/Materials/MaterialLayers/T_ML_Rubber_Blue_01_D.uexp" 628
"E:/UE4 Projects/QuestsExample/Content/FirstPerson/Character/Materials/MaterialLayers/T_ML_Rubber_Blue_01_D.ubulk" 629
"E:/UE4 Projects/QuestsExample/Content/FirstPerson/Character/Materials/MaterialLayers/ML_GlossyBlack_Latex_UE4.uasset" 630
"E:/UE4 Projects/QuestsExample/Content/FirstPerson/Character/Materials/MaterialLayers/ML_GlossyBlack_Latex_UE4.uexp" 631
"E:/UE4 Projects/QuestsExample/Content/FirstPerson/Character/Materials/M_UE4Man_Body.uasset" 632
"E:/UE4 Projects/QuestsExample/Content/FirstPerson/Character/Materials/M_UE4Man_Body.uexp" 633
"E:/UE4 Projects/QuestsExample/Content/FirstPerson/Character/Mesh/SK_Mannequin_Arms_Skeleton.uasset" 634
"E:/UE4 Projects/QuestsExample/Content/FirstPerson/Character/Mesh/SK_Mannequin_Arms_Skeleton.uexp" 635
"E:/UE4 Projects/QuestsExample/Content/FirstPerson/Character/Mesh/SK_Mannequin_Arms.uasset" 636
"E:/UE4 Projects/QuestsExample/Content/FirstPerson/Character/Mesh/SK_Mannequin_Arms.uexp" 637
"E:/UE4 Projects/QuestsExample/Content/FirstPerson/Audio/FirstPersonTemplateWeaponFire02.uasset" 638
"E:/UE4 Projects/QuestsExample/Content/FirstPerson/Audio/FirstPersonTemplateWeaponFire02.uexp" 639
"E:/UE4 Projects/QuestsExample/Content/FirstPerson/Meshes/BaseMaterial.uasset" 640
"E:/UE4 Projects/QuestsExample/Content/FirstPerson/Meshes/BaseMaterial.uexp" 641
"E:/UE4 Projects/QuestsExample/Content/FirstPerson/Meshes/FirstPersonProjectileMaterial.uasset" 642
"E:/UE4 Projects/QuestsExample/Content/FirstPerson/Meshes/FirstPersonProjectileMaterial.uexp" 643
"E:/UE4 Projects/QuestsExample/Content/FirstPerson/Meshes/FirstPersonProjectileMesh.uasset" 644
"E:/UE4 Projects/QuestsExample/Content/FirstPerson/Meshes/FirstPersonProjectileMesh.uexp" 645
"E:/UE4 Projects/QuestsExample/Content/ExampleContent/Blueprints/Misc/BP_Hittable.uasset" 646
"E:/UE4 Projects/QuestsExample/Content/ExampleContent/Blueprints/Misc/BP_Hittable.uexp" 647
"E:/UE4 Projects/QuestsExample/Content/FirstPersonBP/Blueprints/FirstPersonProjectile.uasset" 648
"E:/UE4 Projects/QuestsExample/Content/FirstPersonBP/Blueprints/FirstPersonProjectile.uexp" 649
"E:/UE4 Projects/QuestsExample/Content/FirstPerson/Animations/FirstPerson_Fire.uasset" 650
"E:/UE4 Projects/QuestsExample/Content/FirstPerson/Animations/FirstPerson_Fire.uexp" 651
"E:/UE4 Projects/QuestsExample/Content/FirstPerson/Animations/FirstPersonFire_Montage.uasset" 652
"E:/UE4 Projects/QuestsExample/Content/FirstPerson/Animations/FirstPersonFire_Montage.uexp" 653
"E:/UE4 Projects/QuestsExample/Content/FirstPerson/Animations/FirstPerson_Run.uasset" 654
"E:/UE4 Projects/QuestsExample/Content/FirstPerson/Animations/FirstPerson_Run.uexp" 655
"E:/UE4 Projects/QuestsExample/Content/FirstPerson/Animations/FirstPerson_JumpStart.uasset" 656
"E:/UE4 Projects/QuestsExample/Content/FirstPerson/Animations/FirstPerson_JumpStart.uexp" 657
"E:/UE4 Projects/QuestsExample/Content/FirstPerson/Animations/FirstPerson_JumpLoop.uasset" 658
"E:/UE4 Projects/QuestsExample/Content/FirstPerson/Animations/FirstPerson_JumpLoop.uexp" 659
"E:/UE4 Projects/QuestsExample/Content/FirstPerson/Animations/FirstPerson_JumpEnd.uasset" 660
"E:/UE4 Projects/QuestsExample/Content/FirstPerson/Animations/FirstPerson_JumpEnd.uexp" 661
"E:/UE4 Projects/QuestsExample/Content/FirstPerson/Animations/FirstPerson_Idle.uasset" 662
"E:/UE4 Projects/QuestsExample/Content/FirstPerson/Animations/FirstPerson_Idle.uexp" 663
"E:/UE4 Projects/QuestsExample/Content/FirstPerson/Animations/FirstPerson_AnimBP.uasset" 664
"E:/UE4 Projects/QuestsExample/Content/FirstPerson/Animations/FirstPerson_AnimBP.uexp" 665
"E:/UE4 Projects/QuestsExample/Content/ExampleContent/Blueprints/Misc/BP_TutorialCharacter.uasset" 666
"E:/UE4 Projects/QuestsExample/Content/ExampleContent/Blueprints/Misc/BP_TutorialCharacter.uexp" 667
"E:/UE4 Projects/QuestsExample/Content/ExampleContent/Quests/Nodes/QN_TutorialJump.uasset" 668
"E:/UE4 Projects/QuestsExample/Content/ExampleContent/Quests/Nodes/QN_TutorialJump.uexp" 669
"E:/UE4 Projects/QuestsExample/Content/ExampleContent/Quests/Nodes/QN_Save.uasset" 670
"E:/UE4 Projects/QuestsExample/Content/ExampleContent/Quests/Nodes/QN_Save.uexp" 671
"E:/UE4 Projects/QuestsExample/Content/ExampleContent/Quests/Nodes/MyAmazingNode.uasset" 672
"E:/UE4 Projects/QuestsExample/Content/ExampleContent/Quests/Nodes/MyAmazingNode.uexp" 673
"E:/UE4 Projects/QuestsExample/Content/ExampleContent/Quests/Q_Tutorial.uasset" 674
"E:/UE4 Projects/QuestsExample/Content/ExampleContent/Quests/Q_Tutorial.uexp" 675
"../../../Engine/Content/EngineSky/T_Sky_Stars.uasset" 676
"../../../Engine/Content/EngineSky/T_Sky_Stars.uexp" 677
"../../../Engine/Content/EngineSky/T_Sky_Stars.ubulk" 678
"../../../Engine/Content/EngineSky/T_Sky_Clouds_M.uasset" 679
"../../../Engine/Content/EngineSky/T_Sky_Clouds_M.uexp" 680
"../../../Engine/Content/EngineSky/T_Sky_Clouds_M.ubulk" 681
"../../../Engine/Content/EngineSky/T_Sky_Blue.uasset" 682
"../../../Engine/Content/EngineSky/T_Sky_Blue.uexp" 683
"../../../Engine/Content/EngineSky/T_Sky_Blue.ubulk" 684
"E:/UE4 Projects/QuestsExample/Content/FirstPerson/Meshes/CubeMaterialOverride.uasset" 685
"E:/UE4 Projects/QuestsExample/Content/FirstPerson/Meshes/CubeMaterialOverride.uexp" 686
"../../../Engine/Content/EngineSky/M_Sky_Panning_Clouds2.uasset" 687
"../../../Engine/Content/EngineSky/M_Sky_Panning_Clouds2.uexp" 688
"../../../Engine/Content/Functions/Engine_MaterialFunctions03/Procedurals/ComputeFilterWidth.uasset" 689
"../../../Engine/Content/Functions/Engine_MaterialFunctions03/Procedurals/ComputeFilterWidth.uexp" 690
"../../../Engine/Content/EngineMaterials/AntiAliasedTextMaterialTranslucent.uasset" 691
"../../../Engine/Content/EngineMaterials/AntiAliasedTextMaterialTranslucent.uexp" 692
"E:/UE4 Projects/QuestsExample/Content/ExampleContent/Maps/TutorialMap_BuiltData.uasset" 693
"E:/UE4 Projects/QuestsExample/Content/ExampleContent/Maps/TutorialMap_BuiltData.uexp" 694
"E:/UE4 Projects/QuestsExample/Content/ExampleContent/Maps/TutorialMap_BuiltData.ubulk" 695
"E:/UE4 Projects/QuestsExample/Content/FirstPerson/Textures/FirstPersonCrosshair.uasset" 696
"E:/UE4 Projects/QuestsExample/Content/FirstPerson/Textures/FirstPersonCrosshair.uexp" 697
"E:/UE4 Projects/QuestsExample/Content/FirstPersonBP/Blueprints/FirstPersonHUD.uasset" 698
"E:/UE4 Projects/QuestsExample/Content/FirstPersonBP/Blueprints/FirstPersonHUD.uexp" 699
"E:/UE4 Projects/QuestsExample/Content/FirstPersonBP/Blueprints/FirstPersonCharacter.uasset" 700
"E:/UE4 Projects/QuestsExample/Content/FirstPersonBP/Blueprints/FirstPersonCharacter.uexp" 701
"E:/UE4 Projects/QuestsExample/Content/ExampleContent/Blueprints/UI/W_QuestJournalObjectiveListFinishedEntry.uasset" 702
"E:/UE4 Projects/QuestsExample/Content/ExampleContent/Blueprints/UI/W_QuestJournalObjectiveListFinishedEntry.uexp" 703
"E:/UE4 Projects/QuestsExample/Content/ExampleContent/Blueprints/UI/W_QuestJournalObjectiveListEntry.uasset" 704
"E:/UE4 Projects/QuestsExample/Content/ExampleContent/Blueprints/UI/W_QuestJournalObjectiveListEntry.uexp" 705
"E:/UE4 Projects/QuestsExample/Content/ExampleContent/Blueprints/UI/W_QuestJournalObjectiveList.uasset" 706
"E:/UE4 Projects/QuestsExample/Content/ExampleContent/Blueprints/UI/W_QuestJournalObjectiveList.uexp" 707
"E:/UE4 Projects/QuestsExample/Content/ExampleContent/Blueprints/UI/W_QuestJorunalListFinishedButton.uasset" 708
"E:/UE4 Projects/QuestsExample/Content/ExampleContent/Blueprints/UI/W_QuestJorunalListFinishedButton.uexp" 709
"E:/UE4 Projects/QuestsExample/Content/ExampleContent/Blueprints/UI/W_QuestJorunalListButton.uasset" 710
"E:/UE4 Projects/QuestsExample/Content/ExampleContent/Blueprints/UI/W_QuestJorunalListButton.uexp" 711
"E:/UE4 Projects/QuestsExample/Content/ExampleContent/Blueprints/UI/W_QuestJournal.uasset" 712
"E:/UE4 Projects/QuestsExample/Content/ExampleContent/Blueprints/UI/W_QuestJournal.uexp" 713
"E:/UE4 Projects/QuestsExample/Content/ExampleContent/Blueprints/UI/W_QuestTrackingListObjectiveEntry.uasset" 714
"E:/UE4 Projects/QuestsExample/Content/ExampleContent/Blueprints/UI/W_QuestTrackingListObjectiveEntry.uexp" 715
"E:/UE4 Projects/QuestsExample/Content/ExampleContent/Blueprints/UI/W_QuestTrackingListEntry.uasset" 716
"E:/UE4 Projects/QuestsExample/Content/ExampleContent/Blueprints/UI/W_QuestTrackingListEntry.uexp" 717
"E:/UE4 Projects/QuestsExample/Content/ExampleContent/Blueprints/UI/W_QuestTrackingList.uasset" 718
"E:/UE4 Projects/QuestsExample/Content/ExampleContent/Blueprints/UI/W_QuestTrackingList.uexp" 719
"E:/UE4 Projects/QuestsExample/Content/ExampleContent/Blueprints/Misc/S_QuestStateDisplay.uasset" 720
"E:/UE4 Projects/QuestsExample/Content/ExampleContent/Blueprints/Misc/S_QuestStateDisplay.uexp" 721
"E:/UE4 Projects/QuestsExample/Content/ExampleContent/Blueprints/UI/W_GameHUD.uasset" 722
"E:/UE4 Projects/QuestsExample/Content/ExampleContent/Blueprints/UI/W_GameHUD.uexp" 723
"E:/UE4 Projects/QuestsExample/Content/ExampleContent/Blueprints/Misc/BP_PlayerController.uasset" 724
"E:/UE4 Projects/QuestsExample/Content/ExampleContent/Blueprints/Misc/BP_PlayerController.uexp" 725
"E:/UE4 Projects/QuestsExample/Content/FirstPersonBP/Blueprints/FirstPersonGameMode.uasset" 726
"E:/UE4 Projects/QuestsExample/Content/FirstPersonBP/Blueprints/FirstPersonGameMode.uexp" 727
"../../../Engine/Content/EngineSky/SM_SkySphere.uasset" 728
"../../../Engine/Content/EngineSky/SM_SkySphere.uexp" 729
"../../../Engine/Content/EngineSky/C_Sky_Zenith_Color.uasset" 730
"../../../Engine/Content/EngineSky/C_Sky_Zenith_Color.uexp" 731
"../../../Engine/Content/EngineSky/C_Sky_Horizon_Color.uasset" 732
"../../../Engine/Content/EngineSky/C_Sky_Horizon_Color.uexp" 733
"../../../Engine/Content/EngineSky/C_Sky_Cloud_Color.uasset" 734
"../../../Engine/Content/EngineSky/C_Sky_Cloud_Color.uexp" 735
"../../../Engine/Content/EngineSky/BP_Sky_Sphere.uasset" 736
"../../../Engine/Content/EngineSky/BP_Sky_Sphere.uexp" 737
"E:/UE4 Projects/QuestsExample/Content/Geometry/Meshes/1M_Cube.uasset" 738
"E:/UE4 Projects/QuestsExample/Content/Geometry/Meshes/1M_Cube.uexp" 739
"E:/UE4 Projects/QuestsExample/Content/ExampleContent/Maps/TutorialMap.uexp" 740
"E:/UE4 Projects/QuestsExample/Content/ExampleContent/Maps/TutorialMap.umap" 741
"../../../Engine/Content/Tutorial/SubEditors/TutorialAssets/Character/TutorialTPP_Skeleton.uasset" 742
"../../../Engine/Content/Tutorial/SubEditors/TutorialAssets/Character/TutorialTPP_Skeleton.uexp" 743
"../../../Engine/Content/Tutorial/SubEditors/TutorialAssets/Character/TutorialTPP_PhysicsAsset.uasset" 744
"../../../Engine/Content/Tutorial/SubEditors/TutorialAssets/Character/TutorialTPP_PhysicsAsset.uexp" 745
"../../../Engine/Content/Tutorial/SubEditors/TutorialAssets/Character/TutorialTPP_Mat.uasset" 746
"../../../Engine/Content/Tutorial/SubEditors/TutorialAssets/Character/TutorialTPP_Mat.uexp" 747
"../../../Engine/Content/Tutorial/SubEditors/TutorialAssets/Character/TutorialTPP.uasset" 748
"../../../Engine/Content/Tutorial/SubEditors/TutorialAssets/Character/TutorialTPP.uexp" 749
"../../../Engine/Content/Tutorial/SubEditors/TutorialAssets/Character/Tutorial_Walk_Fwd.uasset" 750
"../../../Engine/Content/Tutorial/SubEditors/TutorialAssets/Character/Tutorial_Walk_Fwd.uexp" 751
"../../../Engine/Content/Tutorial/SubEditors/TutorialAssets/Character/Tutorial_Idle.uasset" 752
"../../../Engine/Content/Tutorial/SubEditors/TutorialAssets/Character/Tutorial_Idle.uexp" 753
"E:/UE4 Projects/QuestsExample/Content/ExampleContent/Misc/GateSequence.uasset" 754
"E:/UE4 Projects/QuestsExample/Content/ExampleContent/Misc/GateSequence.uexp" 755
"E:/UE4 Projects/QuestsExample/Content/ExampleContent/Quests/Q_GateQuest.uasset" 756
"E:/UE4 Projects/QuestsExample/Content/ExampleContent/Quests/Q_GateQuest.uexp" 757
"../../../Engine/Content/BasicShapes/Cube.uasset" 758
"../../../Engine/Content/BasicShapes/Cube.uexp" 759
"E:/UE4 Projects/QuestsExample/Content/FirstPersonBP/Maps/FirstPersonExampleMap_BuiltData.uasset" 760
"E:/UE4 Projects/QuestsExample/Content/FirstPersonBP/Maps/FirstPersonExampleMap_BuiltData.uexp" 761
"E:/UE4 Projects/QuestsExample/Content/FirstPersonBP/Maps/FirstPersonExampleMap_BuiltData.ubulk" 762
"E:/UE4 Projects/QuestsExample/Content/ExampleContent/Misc/M_Color.uasset" 763
"E:/UE4 Projects/QuestsExample/Content/ExampleContent/Misc/M_Color.uexp" 764
"E:/UE4 Projects/QuestsExample/Content/ExampleContent/Misc/M_Color_Red.uasset" 765
"E:/UE4 Projects/QuestsExample/Content/ExampleContent/Misc/M_Color_Red.uexp" 766
"E:/UE4 Projects/QuestsExample/Content/ExampleContent/Misc/M_Color_Blue.uasset" 767
"E:/UE4 Projects/QuestsExample/Content/ExampleContent/Misc/M_Color_Blue.uexp" 768
"../../../Engine/Content/BasicShapes/Sphere.uasset" 769
"../../../Engine/Content/BasicShapes/Sphere.uexp" 770
"../../../Engine/Content/BasicShapes/BasicShapeMaterial.uasset" 771
"../../../Engine/Content/BasicShapes/BasicShapeMaterial.uexp" 772
"E:/UE4 Projects/QuestsExample/Content/ExampleContent/Blueprints/Misc/BP_Target.uasset" 773
"E:/UE4 Projects/QuestsExample/Content/ExampleContent/Blueprints/Misc/BP_Target.uexp" 774
"E:/UE4 Projects/QuestsExample/Content/ExampleContent/Blueprints/Misc/BP_QuestTrigger.uasset" 775
"E:/UE4 Projects/QuestsExample/Content/ExampleContent/Blueprints/Misc/BP_QuestTrigger.uexp" 776
"E:/UE4 Projects/QuestsExample/Content/ExampleContent/Blueprints/Misc/BP_Gate.uasset" 777
"E:/UE4 Projects/QuestsExample/Content/ExampleContent/Blueprints/Misc/BP_Gate.uexp" 778
"E:/UE4 Projects/QuestsExample/Content/FirstPersonBP/Maps/FirstPersonExampleMap.uexp" 779
"E:/UE4 Projects/QuestsExample/Content/FirstPersonBP/Maps/FirstPersonExampleMap.umap" 780
"../../../Engine/Content/Maps/Entry_BuiltData.uasset" 781
"../../../Engine/Content/Maps/Entry_BuiltData.uexp" 782
"../../../Engine/Content/Maps/Entry.uexp" 783
"../../../Engine/Content/Maps/Entry.umap" 784
